<?xml version="1.0" encoding="UTF-8"?>
<!-- Generated by org.testng.reporters.JUnitReportReporter -->
<testsuite hostname="LAPTOP-P1EOE0FM" failures="0" tests="1" name="testNG.TestNG" time="3.221" errors="0" timestamp="2022-07-26T13:43:59 IST" skipped="0">
  <testcase classname="testNG.TestNG" name="loginMagnus" time="3.221"/>
  <system-out/>
</testsuite> <!-- testNG.TestNG -->
