<?xml version="1.0" encoding="UTF-8"?>
<!-- Generated by org.testng.reporters.JUnitReportReporter -->
<testsuite hostname="LAPTOP-P1EOE0FM" failures="0" tests="3" name="testNG.TestNGPriority" time="7.191" errors="0" timestamp="2022-07-26T13:43:59 IST" skipped="0">
  <testcase classname="testNG.TestNGPriority" name="launchBrowser" time="2.446"/>
  <system-out/>
  <testcase classname="testNG.TestNGPriority" name="loginMagnus" time="3.205"/>
  <system-out/>
  <testcase classname="testNG.TestNGPriority" name="logOut" time="1.540"/>
  <system-out/>
</testsuite> <!-- testNG.TestNGPriority -->
